0 verbose cli C:\Program Files\nodejs\node.exe C:\Program Files\nodejs\node_modules\npm\bin\npm-cli.js
1 info using npm@10.2.4
2 info using node@v20.11.1
3 timing npm:load:whichnode Completed in 2ms
4 timing config:load:defaults Completed in 3ms
5 timing config:load:file:C:\Program Files\nodejs\node_modules\npm\npmrc Completed in 5ms
6 timing config:load:builtin Completed in 6ms
7 timing config:load:cli Completed in 3ms
8 timing config:load:env Completed in 1ms
9 timing config:load:file:C:\Users\YSJ\Desktop\dev\songsongnote\.npmrc Completed in 0ms
10 timing config:load:project Completed in 3ms
11 timing config:load:file:C:\Users\YSJ\.npmrc Completed in 0ms
12 timing config:load:user Completed in 1ms
13 timing config:load:file:C:\Users\YSJ\Desktop\dev\songsongnote\WoomNote\.npm-global\etc\npmrc Completed in 0ms
14 timing config:load:global Completed in 0ms
15 timing config:load:setEnvs Completed in 1ms
16 timing config:load Completed in 18ms
17 timing npm:load:configload Completed in 19ms
18 timing config:load:flatten Completed in 2ms
19 timing npm:load:mkdirpcache Completed in 1ms
20 timing npm:load:mkdirplogs Completed in 1ms
21 verbose title npm exec create-next-app@latest woomnote-app --ts --eslint --tailwind --app --src-dir --import-alias @/* --use-npm --yes
22 verbose argv "exec" "--" "create-next-app@latest" "woomnote-app" "--ts" "--eslint" "--tailwind" "--app" "--src-dir" "--import-alias" "@/*" "--use-npm" "--yes"
23 timing npm:load:setTitle Completed in 1ms
24 timing npm:load:display Completed in 1ms
25 verbose logfile logs-max:10 dir:C:\Users\YSJ\Desktop\dev\songsongnote\WoomNote\.npm-cache\_logs\2026-03-24T10_08_51_728Z-
26 verbose logfile C:\Users\YSJ\Desktop\dev\songsongnote\WoomNote\.npm-cache\_logs\2026-03-24T10_08_51_728Z-debug-0.log
27 timing npm:load:logFile Completed in 24ms
28 timing npm:load:timers Completed in 0ms
29 timing npm:load:configScope Completed in 0ms
30 timing npm:load Completed in 91ms
31 silly logfile done cleaning log files
32 timing arborist:ctor Completed in 1ms
33 http fetch GET 200 https://registry.npmjs.org/create-next-app 218ms (cache revalidated)
34 timing arborist:ctor Completed in 0ms
35 timing arborist:ctor Completed in 0ms
36 timing arborist:ctor Completed in 1ms
37 timing command:exec Completed in 172812ms
38 verbose exit 0
39 timing npm Completed in 173443ms
40 info ok
