0 verbose cli C:\Program Files\nodejs\node.exe C:\Program Files\nodejs\node_modules\npm\bin\npm-cli.js
1 info using npm@10.2.4
2 info using node@v20.11.1
3 timing npm:load:whichnode Completed in 2ms
4 timing config:load:defaults Completed in 3ms
5 timing config:load:file:C:\Program Files\nodejs\node_modules\npm\npmrc Completed in 5ms
6 timing config:load:builtin Completed in 5ms
7 timing config:load:cli Completed in 2ms
8 timing config:load:env Completed in 0ms
9 timing config:load:file:C:\Users\YSJ\Desktop\dev\songsongnote\.npmrc Completed in 0ms
10 timing config:load:project Completed in 3ms
11 timing config:load:file:C:\Users\YSJ\.npmrc Completed in 0ms
12 timing config:load:user Completed in 1ms
13 timing config:load:file:C:\Users\YSJ\Desktop\dev\songsongnote\WoomNote\.npm-global\etc\npmrc Completed in 1ms
14 timing config:load:global Completed in 1ms
15 timing config:load:setEnvs Completed in 1ms
16 timing config:load Completed in 17ms
17 timing npm:load:configload Completed in 17ms
18 timing config:load:flatten Completed in 2ms
19 timing npm:load:mkdirpcache Completed in 0ms
20 timing npm:load:mkdirplogs Completed in 0ms
21 verbose title npm exec create-next-app@latest . --ts --eslint --tailwind --app --src-dir --import-alias @/* --use-npm --yes
22 verbose argv "exec" "--" "create-next-app@latest" "." "--ts" "--eslint" "--tailwind" "--app" "--src-dir" "--import-alias" "@/*" "--use-npm" "--yes"
23 timing npm:load:setTitle Completed in 2ms
24 timing npm:load:display Completed in 0ms
25 verbose logfile logs-max:10 dir:C:\Users\YSJ\Desktop\dev\songsongnote\WoomNote\.npm-cache\_logs\2026-03-24T10_08_26_646Z-
26 verbose logfile C:\Users\YSJ\Desktop\dev\songsongnote\WoomNote\.npm-cache\_logs\2026-03-24T10_08_26_646Z-debug-0.log
27 timing npm:load:logFile Completed in 10ms
28 timing npm:load:timers Completed in 0ms
29 timing npm:load:configScope Completed in 0ms
30 timing npm:load Completed in 69ms
31 silly logfile done cleaning log files
32 timing arborist:ctor Completed in 1ms
33 http fetch GET 200 https://registry.npmjs.org/npm 245ms (cache miss)
34 http fetch GET 200 https://registry.npmjs.org/create-next-app 217ms (cache miss)
35 timing arborist:ctor Completed in 0ms
36 timing arborist:ctor Completed in 0ms
37 warn exec The following package was not found and will be installed: create-next-app@16.2.1
38 timing arborist:ctor Completed in 0ms
39 timing idealTree:init Completed in 6ms
40 timing idealTree:userRequests Completed in 2ms
41 silly idealTree buildDeps
42 silly fetch manifest create-next-app@16.2.1
43 http fetch GET 200 https://registry.npmjs.org/create-next-app 123ms (cache hit)
44 silly placeDep ROOT create-next-app@16.2.1 OK for:  want: 16.2.1
45 timing idealTree:#root Completed in 172ms
46 timing idealTree:node_modules/create-next-app Completed in 0ms
47 timing idealTree:buildDeps Completed in 174ms
48 timing idealTree:fixDepFlags Completed in 0ms
49 timing idealTree Completed in 184ms
50 timing reify:loadTrees Completed in 184ms
51 timing reify:diffTrees Completed in 1ms
52 silly reify moves {}
53 timing reify:retireShallow Completed in 2ms
54 timing reify:createSparse Completed in 3ms
55 timing reify:loadBundles Completed in 0ms
56 silly audit bulk request { 'create-next-app': [ '16.2.1' ] }
57 silly tarball no local data for create-next-app@https://registry.npmjs.org/create-next-app/-/create-next-app-16.2.1.tgz. Extracting by manifest.
58 http fetch POST 200 https://registry.npmjs.org/-/npm/v1/security/advisories/bulk 171ms
59 timing auditReport:getReport Completed in 174ms
60 silly audit report {}
61 timing auditReport:init Completed in 0ms
62 timing reify:audit Completed in 175ms
63 http fetch GET 200 https://registry.npmjs.org/create-next-app/-/create-next-app-16.2.1.tgz 656ms (cache miss)
64 timing reifyNode:node_modules/create-next-app Completed in 668ms
65 timing reify:unpack Completed in 668ms
66 timing reify:unretire Completed in 0ms
67 timing build:queue Completed in 1ms
68 timing build:link:node_modules/create-next-app Completed in 1319ms
69 timing build:link Completed in 1320ms
70 timing build:deps Completed in 1322ms
71 timing build Completed in 1322ms
72 timing reify:build Completed in 1322ms
73 timing reify:trash Completed in 0ms
74 timing reify:save Completed in 11ms
75 timing reify Completed in 2205ms
76 timing command:exec Completed in 2969ms
77 notice
77 notice New major version of npm available! 10.2.4 -> 11.12.0
77 notice Changelog: <https://github.com/npm/cli/releases/tag/v11.12.0>
77 notice Run `npm install -g npm@11.12.0` to update!
77 notice
78 verbose exit 1
79 timing npm Completed in 3500ms
80 verbose code 1
